<?xml version="1.0" encoding="UTF-8"?>
<testng-results ignored="0" total="4" passed="4" failed="0" skipped="0">
  <reporter-output>
  </reporter-output>
  <suite started-at="2022-06-19T21:36:39 IST" name="Default suite" finished-at="2022-06-19T21:36:58 IST" duration-ms="19525">
    <groups>
    </groups>
    <test started-at="2022-06-19T21:36:39 IST" name="Default test" finished-at="2022-06-19T21:36:58 IST" duration-ms="19525">
      <class name="Test.ZerodhaLoginPageTest">
        <test-method is-config="true" signature="browser()[pri:0, instance:Test.ZerodhaLoginPageTest@3e2e18f2]" started-at="2022-06-19T21:36:39 IST" name="browser" finished-at="2022-06-19T21:36:44 IST" duration-ms="4973" status="PASS">
          <reporter-output>
          </reporter-output>
        </test-method> <!-- browser -->
        <test-method signature="loginWithoutDataTest()[pri:0, instance:Test.ZerodhaLoginPageTest@3e2e18f2]" started-at="2022-06-19T21:36:44 IST" name="loginWithoutDataTest" finished-at="2022-06-19T21:36:44 IST" duration-ms="438" status="PASS">
          <reporter-output>
          </reporter-output>
        </test-method> <!-- loginWithoutDataTest -->
        <test-method is-config="true" signature="browser()[pri:0, instance:Test.ZerodhaLoginPageTest@3e2e18f2]" started-at="2022-06-19T21:36:44 IST" name="browser" finished-at="2022-06-19T21:36:48 IST" duration-ms="3610" status="PASS">
          <reporter-output>
          </reporter-output>
        </test-method> <!-- browser -->
        <test-method signature="forgotPassword()[pri:0, instance:Test.ZerodhaLoginPageTest@3e2e18f2]" started-at="2022-06-19T21:36:48 IST" name="forgotPassword" finished-at="2022-06-19T21:36:48 IST" duration-ms="392" status="PASS">
          <reporter-output>
          </reporter-output>
        </test-method> <!-- forgotPassword -->
        <test-method is-config="true" signature="browser()[pri:0, instance:Test.ZerodhaLoginPageTest@3e2e18f2]" started-at="2022-06-19T21:36:48 IST" name="browser" finished-at="2022-06-19T21:36:51 IST" duration-ms="3098" status="PASS">
          <reporter-output>
          </reporter-output>
        </test-method> <!-- browser -->
        <test-method signature="loginWithValidCredentials()[pri:0, instance:Test.ZerodhaLoginPageTest@3e2e18f2]" started-at="2022-06-19T21:36:51 IST" name="loginWithValidCredentials" finished-at="2022-06-19T21:36:53 IST" duration-ms="2042" status="PASS">
          <reporter-output>
          </reporter-output>
        </test-method> <!-- loginWithValidCredentials -->
        <test-method is-config="true" signature="browser()[pri:0, instance:Test.ZerodhaLoginPageTest@3e2e18f2]" started-at="2022-06-19T21:36:53 IST" name="browser" finished-at="2022-06-19T21:36:58 IST" duration-ms="4615" status="PASS">
          <reporter-output>
          </reporter-output>
        </test-method> <!-- browser -->
        <test-method signature="signUp()[pri:0, instance:Test.ZerodhaLoginPageTest@3e2e18f2]" started-at="2022-06-19T21:36:58 IST" name="signUp" finished-at="2022-06-19T21:36:58 IST" depends-on-methods="Test.ZerodhaLoginPageTest.loginWithoutDataTest" duration-ms="296" status="PASS">
          <reporter-output>
          </reporter-output>
        </test-method> <!-- signUp -->
      </class> <!-- Test.ZerodhaLoginPageTest -->
    </test> <!-- Default test -->
  </suite> <!-- Default suite -->
</testng-results>
